SiaraShield/build/intermediates/manifest_merge_blame_file/debug/manifest-merger-blame-debug-report.txt
1<?xml version="1.0" encoding="utf-8"?>
2<manifest xmlns:android="http://schemas.android.com/apk/res/android"
3    package="com.cybersiara.app" >
4
5    <uses-sdk
6        android:minSdkVersion="21"
6-->src/main/AndroidManifest.xml
7        android:targetSdkVersion="32" />
7-->src/main/AndroidManifest.xml
8
9    <!-- permissions for INTERNET -->
10    <uses-permission android:name="android.permission.INTERNET" />
10-->src/main/AndroidManifest.xml:5:5-66
10-->src/main/AndroidManifest.xml:5:22-64
11    <uses-permission android:name="android.permission.ACCESS_WIFI_STATE" />
11-->src/main/AndroidManifest.xml:6:5-75
11-->src/main/AndroidManifest.xml:6:22-73
12    <uses-permission android:name="android.permission.ACCESS_NETWORK_STATE" />
12-->src/main/AndroidManifest.xml:7:5-78
12-->src/main/AndroidManifest.xml:7:22-76
13
14    <application
14-->src/main/AndroidManifest.xml:9:5-24:19
15        android:allowBackup="true"
15-->src/main/AndroidManifest.xml:10:9-35
16        android:icon="@mipmap/ic_launcher"
16-->src/main/AndroidManifest.xml:11:9-43
17        android:label="@string/app_name"
17-->src/main/AndroidManifest.xml:12:9-41
18        android:roundIcon="@mipmap/ic_launcher_round"
18-->src/main/AndroidManifest.xml:13:9-54
19        android:supportsRtl="true" >
19-->src/main/AndroidManifest.xml:14:9-35
20        <activity
20-->src/main/AndroidManifest.xml:15:9-23:20
21            android:name="com.cybersiara.app.MainActivity"
21-->src/main/AndroidManifest.xml:16:13-41
22            android:exported="true" >
22-->src/main/AndroidManifest.xml:17:13-36
23            <intent-filter>
23-->src/main/AndroidManifest.xml:18:13-22:29
24                <action android:name="android.intent.action.MAIN" />
24-->src/main/AndroidManifest.xml:19:17-69
24-->src/main/AndroidManifest.xml:19:25-66
25
26                <category android:name="android.intent.category.LAUNCHER" />
26-->src/main/AndroidManifest.xml:21:17-77
26-->src/main/AndroidManifest.xml:21:27-74
27            </intent-filter>
28        </activity>
29    </application>
30
31</manifest>